2024-12-28 15:54:05,943 - __main__ - INFO - Lancement du jeu de plateau.
2024-12-28 15:54:16,241 - __main__ - DEBUG - Joueurs initiaux: ['fefef', 'ygtg'], Cases spéciales: {5: 'reculer', 8: 'question', 10: 'changement_map'}
2024-12-28 15:54:16,241 - __main__ - INFO - Nouvelle partie initialisée.
2024-12-28 15:54:16,242 - __main__ - DEBUG - Tour du joueur : fefef
2024-12-28 15:54:17,746 - __main__ - INFO - Action choisie par fefef : y
2024-12-28 15:54:17,746 - decorator_logger - INFO - Method: lancer_de, Result: 4
2024-12-28 15:54:17,747 - __main__ - INFO - fefef a lancé un 4.
2024-12-28 15:54:17,747 - __main__ - DEBUG - Effet de la case: None
2024-12-28 15:54:17,747 - __main__ - DEBUG - Passage au joueur suivant : 1
2024-12-28 15:54:17,747 - __main__ - DEBUG - Tour du joueur : ygtg
2024-12-28 15:54:18,946 - __main__ - INFO - Action choisie par ygtg : y
2024-12-28 15:54:18,946 - decorator_logger - INFO - Method: lancer_de, Result: 6
2024-12-28 15:54:18,946 - __main__ - INFO - ygtg a lancé un 6.
2024-12-28 15:54:18,946 - __main__ - DEBUG - Effet de la case: None
2024-12-28 15:54:18,946 - __main__ - DEBUG - Passage au joueur suivant : 0
2024-12-28 15:54:18,946 - __main__ - DEBUG - Tour du joueur : fefef
2024-12-28 15:54:20,064 - __main__ - INFO - Action choisie par fefef : y
2024-12-28 15:54:20,064 - decorator_logger - INFO - Method: lancer_de, Result: 4
2024-12-28 15:54:20,064 - __main__ - INFO - fefef a lancé un 4.
2024-12-28 15:54:20,064 - __main__ - DEBUG - Effet de la case: question
2024-12-28 15:54:20,065 - __main__ - DEBUG - Question posée: Quelle est la capitale de la Belgique ?
2024-12-28 15:54:23,716 - __main__ - INFO - Réponse donnée: 2, Correct: Non
2024-12-28 15:54:23,716 - __main__ - INFO - fefef recule de 1 case.
2024-12-28 15:54:23,717 - __main__ - DEBUG - Passage au joueur suivant : 1
2024-12-28 15:54:23,717 - __main__ - DEBUG - Tour du joueur : ygtg
2024-12-28 15:54:29,253 - __main__ - INFO - Action choisie par ygtg : y
2024-12-28 15:54:29,253 - decorator_logger - INFO - Method: lancer_de, Result: 2
2024-12-28 15:54:29,253 - __main__ - INFO - ygtg a lancé un 2.
2024-12-28 15:54:29,253 - __main__ - DEBUG - Effet de la case: question
2024-12-28 15:54:29,254 - __main__ - DEBUG - Question posée: Quelle est la capitale de la Belgique ?
2024-12-28 15:54:31,394 - __main__ - INFO - Réponse donnée: 2, Correct: Non
2024-12-28 15:54:31,395 - __main__ - INFO - ygtg recule de 1 case.
2024-12-28 15:54:31,395 - __main__ - DEBUG - Passage au joueur suivant : 0
2024-12-28 15:54:31,395 - __main__ - DEBUG - Tour du joueur : fefef
2024-12-28 15:54:32,673 - __main__ - INFO - Action choisie par fefef : y
2024-12-28 15:54:32,674 - decorator_logger - INFO - Method: lancer_de, Result: 2
2024-12-28 15:54:32,674 - __main__ - INFO - fefef a lancé un 2.
2024-12-28 15:54:32,674 - __main__ - DEBUG - Effet de la case: None
2024-12-28 15:54:32,674 - __main__ - DEBUG - Passage au joueur suivant : 1
2024-12-28 15:54:32,675 - __main__ - DEBUG - Tour du joueur : ygtg
2024-12-28 15:54:33,632 - __main__ - INFO - Action choisie par ygtg : y
2024-12-28 15:54:33,632 - decorator_logger - INFO - Method: lancer_de, Result: 3
2024-12-28 15:54:33,633 - __main__ - INFO - ygtg a lancé un 3.
2024-12-28 15:54:33,633 - __main__ - DEBUG - Effet de la case: changement_map
2024-12-28 15:54:33,633 - __main__ - INFO - Changement de plateau pour ygtg.
2024-12-28 15:54:33,633 - __main__ - DEBUG - Passage au joueur suivant : 0
2024-12-28 15:54:33,633 - __main__ - DEBUG - Tour du joueur : fefef
2024-12-28 15:54:40,934 - __main__ - INFO - Action choisie par fefef : y
2024-12-28 15:54:40,934 - decorator_logger - INFO - Method: lancer_de, Result: 1
2024-12-28 15:54:40,935 - __main__ - INFO - fefef a lancé un 1.
2024-12-28 15:54:40,935 - __main__ - DEBUG - Effet de la case: None
2024-12-28 15:54:40,935 - __main__ - DEBUG - Passage au joueur suivant : 1
2024-12-28 15:54:40,935 - __main__ - DEBUG - Tour du joueur : ygtg
2024-12-28 15:54:42,050 - __main__ - INFO - Action choisie par ygtg : y
2024-12-28 15:54:42,050 - decorator_logger - INFO - Method: lancer_de, Result: 6
2024-12-28 15:54:42,050 - __main__ - INFO - ygtg a lancé un 6.
2024-12-28 15:54:42,051 - __main__ - DEBUG - Effet de la case: None
2024-12-28 15:54:42,051 - __main__ - DEBUG - Passage au joueur suivant : 0
2024-12-28 15:54:42,051 - __main__ - DEBUG - Tour du joueur : fefef
2024-12-28 15:54:42,706 - __main__ - INFO - Action choisie par fefef : y
2024-12-28 15:54:42,706 - decorator_logger - INFO - Method: lancer_de, Result: 6
2024-12-28 15:54:42,706 - __main__ - INFO - fefef a lancé un 6.
2024-12-28 15:54:42,707 - __main__ - DEBUG - Effet de la case: None
2024-12-28 15:54:42,707 - __main__ - DEBUG - Passage au joueur suivant : 1
2024-12-28 15:54:42,707 - __main__ - DEBUG - Tour du joueur : ygtg
2024-12-28 15:54:43,379 - __main__ - INFO - Action choisie par ygtg : y
2024-12-28 15:54:43,379 - decorator_logger - INFO - Method: lancer_de, Result: 3
2024-12-28 15:54:43,379 - __main__ - INFO - ygtg a lancé un 3.
2024-12-28 15:54:43,380 - __main__ - DEBUG - Effet de la case: None
2024-12-28 15:54:43,380 - __main__ - DEBUG - Passage au joueur suivant : 0
2024-12-28 15:54:43,380 - __main__ - DEBUG - Tour du joueur : fefef
2024-12-28 15:54:44,161 - __main__ - INFO - Action choisie par fefef : y
2024-12-28 15:54:44,161 - decorator_logger - INFO - Method: lancer_de, Result: 4
2024-12-28 15:54:44,161 - __main__ - INFO - fefef a lancé un 4.
2024-12-28 15:54:44,161 - __main__ - DEBUG - Effet de la case: None
2024-12-28 15:54:44,163 - __main__ - INFO - fefef a gagné la partie !
2024-12-28 16:07:46,692 - __main__ - INFO - Choix de rejouer : n
2024-12-28 16:07:46,708 - __main__ - INFO - Fin de la session de jeu. Affichage des scores finaux.
2024-12-28 16:07:46,710 - __main__ - INFO - Fin de la session de jeu.
2024-12-28 16:08:01,662 - __main__ - INFO - Lancement du jeu de plateau.
2024-12-28 16:08:09,371 - __main__ - INFO - Nouvelle partie initialisée.
2024-12-28 16:21:28,336 - __main__ - WARNING - Le joueur a stoper la session
2024-12-28 16:21:30,936 - __main__ - INFO - Lancement du jeu de plateau.
2024-12-28 16:21:34,967 - __main__ - INFO - Nouvelle partie initialisée.
2024-12-28 16:21:50,660 - decorator_logger - INFO - Method: lancer_de, Result: 6
2024-12-28 16:21:52,579 - decorator_logger - INFO - Method: lancer_de, Result: 6
2024-12-28 16:21:53,166 - decorator_logger - INFO - Method: lancer_de, Result: 3
2024-12-28 16:21:54,083 - decorator_logger - INFO - Method: lancer_de, Result: 4
2024-12-28 16:24:42,524 - __main__ - WARNING - Le joueur a stoppé la session
2024-12-28 16:25:26,211 - __main__ - INFO - Lancement du jeu de plateau.
2024-12-28 16:25:32,162 - __main__ - INFO - Nouvelle partie initialisée.
2024-12-28 16:25:33,390 - decorator_logger - INFO - Method: lancer_de, Result: 6
2024-12-28 16:25:33,978 - decorator_logger - INFO - Method: lancer_de, Result: 4
2024-12-28 16:25:34,420 - decorator_logger - INFO - Method: lancer_de, Result: 6
2024-12-28 16:25:36,922 - __main__ - INFO - Choix de rejouer : y
2024-12-28 16:25:36,922 - __main__ - INFO - Nouvelle partie initialisée.
2024-12-28 16:25:37,678 - decorator_logger - INFO - Method: lancer_de, Result: 2
2024-12-28 16:25:38,054 - decorator_logger - INFO - Method: lancer_de, Result: 3
2024-12-28 16:25:38,411 - decorator_logger - INFO - Method: lancer_de, Result: 2
2024-12-28 16:25:38,770 - decorator_logger - INFO - Method: lancer_de, Result: 4
2024-12-28 16:25:39,097 - decorator_logger - INFO - Method: lancer_de, Result: 3
2024-12-28 16:25:39,473 - decorator_logger - INFO - Method: lancer_de, Result: 2
2024-12-28 16:25:39,844 - decorator_logger - INFO - Method: lancer_de, Result: 5
2024-12-28 16:25:41,085 - __main__ - INFO - Choix de rejouer : y
2024-12-28 16:25:41,085 - __main__ - INFO - Nouvelle partie initialisée.
2024-12-28 16:25:41,817 - decorator_logger - INFO - Method: lancer_de, Result: 3
2024-12-28 16:25:42,123 - decorator_logger - INFO - Method: lancer_de, Result: 4
2024-12-28 16:25:42,436 - decorator_logger - INFO - Method: lancer_de, Result: 2
2024-12-28 16:25:42,765 - decorator_logger - INFO - Method: lancer_de, Result: 3
2024-12-28 16:25:43,353 - decorator_logger - INFO - Method: lancer_de, Result: 1
2024-12-28 16:25:44,000 - decorator_logger - INFO - Method: lancer_de, Result: 3
2024-12-28 16:25:44,672 - decorator_logger - INFO - Method: lancer_de, Result: 5
2024-12-28 16:25:45,517 - decorator_logger - INFO - Method: lancer_de, Result: 1
2024-12-28 16:25:45,933 - decorator_logger - INFO - Method: lancer_de, Result: 2
2024-12-28 16:25:46,309 - decorator_logger - INFO - Method: lancer_de, Result: 6
2024-12-28 16:25:46,719 - decorator_logger - INFO - Method: lancer_de, Result: 2
2024-12-28 16:25:47,198 - decorator_logger - INFO - Method: lancer_de, Result: 2
2024-12-28 16:25:47,809 - decorator_logger - INFO - Method: lancer_de, Result: 1
2024-12-28 16:25:48,641 - decorator_logger - INFO - Method: lancer_de, Result: 3
2024-12-28 16:25:50,770 - __main__ - INFO - Choix de rejouer : y
2024-12-28 16:25:50,770 - __main__ - INFO - Nouvelle partie initialisée.
2024-12-28 16:25:51,374 - decorator_logger - INFO - Method: lancer_de, Result: 6
2024-12-28 16:25:51,986 - decorator_logger - INFO - Method: lancer_de, Result: 4
2024-12-28 16:25:52,568 - decorator_logger - INFO - Method: lancer_de, Result: 6
2024-12-28 16:25:53,736 - __main__ - INFO - Choix de rejouer : y
2024-12-28 16:25:53,737 - __main__ - INFO - Nouvelle partie initialisée.
2024-12-28 16:25:54,318 - decorator_logger - INFO - Method: lancer_de, Result: 1
2024-12-28 16:25:55,073 - decorator_logger - INFO - Method: lancer_de, Result: 6
2024-12-28 16:25:55,666 - decorator_logger - INFO - Method: lancer_de, Result: 6
2024-12-28 16:25:56,341 - decorator_logger - INFO - Method: lancer_de, Result: 3
2024-12-28 16:25:56,971 - decorator_logger - INFO - Method: lancer_de, Result: 4
2024-12-28 16:25:57,767 - __main__ - INFO - Choix de rejouer : y
2024-12-28 16:25:57,767 - __main__ - INFO - Nouvelle partie initialisée.
2024-12-28 16:25:59,756 - decorator_logger - INFO - Method: lancer_de, Result: 4
2024-12-28 16:26:00,182 - decorator_logger - INFO - Method: lancer_de, Result: 5
2024-12-28 16:26:00,663 - decorator_logger - INFO - Method: lancer_de, Result: 4
2024-12-28 16:26:04,945 - decorator_logger - INFO - Method: lancer_de, Result: 1
2024-12-28 16:26:05,256 - decorator_logger - INFO - Method: lancer_de, Result: 4
2024-12-28 16:26:05,550 - __main__ - INFO - Choix de rejouer : y
2024-12-28 16:26:05,550 - __main__ - INFO - Nouvelle partie initialisée.
2024-12-28 16:26:06,847 - decorator_logger - INFO - Method: lancer_de, Result: 2
2024-12-28 16:26:07,434 - decorator_logger - INFO - Method: lancer_de, Result: 2
2024-12-28 16:26:07,912 - decorator_logger - INFO - Method: lancer_de, Result: 3
2024-12-28 16:26:08,418 - decorator_logger - INFO - Method: lancer_de, Result: 6
2024-12-28 16:26:11,153 - decorator_logger - INFO - Method: lancer_de, Result: 1
2024-12-28 16:26:11,690 - decorator_logger - INFO - Method: lancer_de, Result: 2
2024-12-28 16:26:13,895 - __main__ - INFO - Choix de rejouer : n
2024-12-28 16:26:13,896 - __main__ - INFO - Fermeture du jeu.
2024-12-28 16:31:37,207 - __main__ - INFO - Lancement du jeu de plateau.
2024-12-28 16:35:19,291 - __main__ - INFO - Lancement du jeu de plateau.
2024-12-28 16:37:48,019 - __main__ - INFO - Lancement du jeu de plateau.
2024-12-28 16:37:51,864 - __main__ - INFO - Nouvelle partie initialisée.
2024-12-28 16:37:56,637 - decorator_logger - INFO - Method: lancer_de, Result: 6
2024-12-28 16:37:57,137 - decorator_logger - INFO - Method: lancer_de, Result: 4
2024-12-28 16:37:57,703 - decorator_logger - INFO - Method: lancer_de, Result: 1
2024-12-28 16:37:58,429 - decorator_logger - INFO - Method: lancer_de, Result: 3
2024-12-28 16:37:59,088 - decorator_logger - INFO - Method: lancer_de, Result: 6
2024-12-28 16:38:00,649 - __main__ - INFO - Choix de rejouer : y
2024-12-28 16:38:00,649 - __main__ - INFO - Nouvelle partie initialisée.
2024-12-28 16:38:05,412 - decorator_logger - INFO - Method: lancer_de, Result: 5
2024-12-28 16:38:05,810 - decorator_logger - INFO - Method: lancer_de, Result: 5
2024-12-28 16:38:06,164 - decorator_logger - INFO - Method: lancer_de, Result: 1
2024-12-28 16:38:06,522 - decorator_logger - INFO - Method: lancer_de, Result: 2
2024-12-28 16:38:07,018 - decorator_logger - INFO - Method: lancer_de, Result: 6
2024-12-28 16:38:07,510 - decorator_logger - INFO - Method: lancer_de, Result: 5
2024-12-28 16:38:08,072 - decorator_logger - INFO - Method: lancer_de, Result: 5
2024-12-28 16:38:09,460 - __main__ - INFO - Choix de rejouer : y
2024-12-28 16:38:09,460 - __main__ - INFO - Nouvelle partie initialisée.
2024-12-28 16:38:14,076 - __main__ - WARNING - Le joueur a stoppé la session
2024-12-28 16:38:16,354 - __main__ - INFO - Lancement du jeu de plateau.
2024-12-28 16:38:22,385 - __main__ - INFO - Nouvelle partie initialisée.
2024-12-28 16:42:38,171 - decorator_logger - INFO - Method: lancer_de, Result: 3
2024-12-28 16:42:38,468 - decorator_logger - INFO - Method: lancer_de, Result: 3
2024-12-28 16:42:38,889 - decorator_logger - INFO - Method: lancer_de, Result: 6
2024-12-28 16:42:39,260 - decorator_logger - INFO - Method: lancer_de, Result: 5
2024-12-28 16:42:40,009 - decorator_logger - INFO - Method: lancer_de, Result: 5
2024-12-28 16:45:35,732 - __main__ - INFO - Choix de rejouer : n
2024-12-28 16:45:35,732 - __main__ - INFO - Fermeture du jeu.
2024-12-28 16:45:39,395 - __main__ - INFO - Lancement du jeu de plateau.
2024-12-28 16:45:44,950 - __main__ - INFO - Nouvelle partie initialisée.
2024-12-28 16:45:56,099 - decorator_logger - INFO - Method: lancer_de, Result: 6
2024-12-28 16:45:56,418 - decorator_logger - INFO - Method: lancer_de, Result: 5
2024-12-28 16:45:56,862 - decorator_logger - INFO - Method: lancer_de, Result: 2
2024-12-28 16:46:03,574 - decorator_logger - INFO - Method: lancer_de, Result: 3
2024-12-28 16:46:06,733 - decorator_logger - INFO - Method: lancer_de, Result: 3
2024-12-28 16:46:08,661 - __main__ - INFO - Choix de rejouer : y
2024-12-28 16:46:08,662 - __main__ - INFO - Nouvelle partie initialisée.
2024-12-28 16:46:14,394 - decorator_logger - INFO - Method: lancer_de, Result: 2
2024-12-28 16:46:15,028 - decorator_logger - INFO - Method: lancer_de, Result: 4
2024-12-28 16:46:18,576 - decorator_logger - INFO - Method: lancer_de, Result: 1
2024-12-28 16:46:20,965 - decorator_logger - INFO - Method: lancer_de, Result: 2
2024-12-28 16:46:21,954 - decorator_logger - INFO - Method: lancer_de, Result: 4
2024-12-28 16:46:22,959 - decorator_logger - INFO - Method: lancer_de, Result: 3
2024-12-28 16:46:24,058 - decorator_logger - INFO - Method: lancer_de, Result: 3
2024-12-28 16:46:25,085 - decorator_logger - INFO - Method: lancer_de, Result: 3
2024-12-28 16:46:26,601 - decorator_logger - INFO - Method: lancer_de, Result: 4
2024-12-28 16:46:41,796 - __main__ - INFO - Choix de rejouer : n
2024-12-28 16:46:41,796 - __main__ - INFO - Fermeture du jeu.
2024-12-28 16:57:51,040 - __main__ - INFO - Lancement du jeu de plateau.
2024-12-28 16:58:18,438 - __main__ - INFO - Lancement du jeu de plateau.
2024-12-28 16:58:44,814 - __main__ - INFO - Nouvelle partie initialisée.
2024-12-28 16:59:13,481 - decorator_logger - INFO - Method: lancer_de, Result: 4
2024-12-28 16:59:23,864 - decorator_logger - INFO - Method: lancer_de, Result: 2
2024-12-28 16:59:47,090 - decorator_logger - INFO - Method: lancer_de, Result: 1
2024-12-28 17:00:02,690 - decorator_logger - INFO - Method: lancer_de, Result: 2
2024-12-28 17:00:08,610 - decorator_logger - INFO - Method: lancer_de, Result: 6
2024-12-28 17:00:09,561 - __main__ - INFO - Choix de rejouer : y
2024-12-28 17:00:09,561 - __main__ - INFO - Nouvelle partie initialisée.
2024-12-28 17:00:11,740 - __main__ - WARNING - Le joueur a stoppé la session
2024-12-28 17:01:21,347 - __main__ - INFO - Lancement du jeu de plateau.
2024-12-28 17:01:28,875 - __main__ - INFO - Nouvelle partie initialisée.
2024-12-28 17:09:34,482 - __main__ - WARNING - Le joueur a stoppé la session
2024-12-28 17:09:37,173 - __main__ - INFO - Lancement du jeu de plateau.
2024-12-28 17:09:42,699 - __main__ - INFO - Nouvelle partie initialisée.
2024-12-28 17:11:48,318 - __main__ - INFO - Lancement du jeu de plateau.
2024-12-28 17:11:55,728 - __main__ - INFO - Nouvelle partie initialisée.
2024-12-28 17:12:00,169 - decorator_logger - INFO - Method: lancer_de, Result: 6
2024-12-28 17:12:13,295 - decorator_logger - INFO - Method: lancer_de, Result: 5
2024-12-28 17:12:28,878 - decorator_logger - INFO - Method: lancer_de, Result: 4
2024-12-28 17:12:37,655 - decorator_logger - INFO - Method: lancer_de, Result: 5
2024-12-28 17:13:01,608 - __main__ - INFO - Choix de rejouer : n
2024-12-28 17:13:01,608 - __main__ - INFO - Fermeture du jeu.
2024-12-28 17:22:38,869 - __main__ - INFO - Lancement du jeu de plateau.
2024-12-28 17:23:16,584 - __main__ - INFO - Lancement du jeu de plateau.
2024-12-28 17:23:26,392 - __main__ - INFO - Nouvelle partie initialisée.
2024-12-28 17:23:30,896 - decorator_logger - INFO - Method: lancer_de, Result: 4
2024-12-28 17:23:35,528 - decorator_logger - INFO - Method: lancer_de, Result: 2
2024-12-28 17:23:42,516 - decorator_logger - INFO - Method: lancer_de, Result: 1
2024-12-28 17:23:43,811 - decorator_logger - INFO - Method: lancer_de, Result: 2
2024-12-28 17:23:44,693 - decorator_logger - INFO - Method: lancer_de, Result: 4
2024-12-28 17:23:48,022 - decorator_logger - INFO - Method: lancer_de, Result: 4
2024-12-28 17:23:48,487 - decorator_logger - INFO - Method: lancer_de, Result: 5
2024-12-28 17:25:32,481 - __main__ - INFO - Choix de rejouer : n
2024-12-28 17:25:32,483 - __main__ - INFO - Fermeture du jeu.
2024-12-28 17:43:14,532 - __main__ - INFO - Lancement du jeu de plateau.
2024-12-28 17:46:19,176 - __main__ - INFO - Lancement du jeu de plateau.
2024-12-28 17:46:24,374 - __main__ - INFO - Nouvelle partie initialisée.
2024-12-28 17:46:26,792 - decorator_logger - INFO - Method: lancer_de, Result: 4
2024-12-28 17:46:27,251 - decorator_logger - INFO - Method: lancer_de, Result: 2
2024-12-28 17:46:27,691 - decorator_logger - INFO - Method: lancer_de, Result: 1
2024-12-28 17:46:28,755 - __main__ - WARNING - Le joueur a stoppé la session
2024-12-28 17:55:49,285 - __main__ - INFO - Lancement du jeu de plateau.
2024-12-28 17:57:10,767 - __main__ - INFO - Lancement du jeu de plateau.
2024-12-28 17:57:59,237 - __main__ - INFO - Nouvelle partie initialisée.
2024-12-28 17:58:04,998 - __main__ - WARNING - Le joueur a stoppé la session
2024-12-28 17:59:49,146 - __main__ - INFO - Lancement du jeu de plateau.
2024-12-28 17:59:52,645 - __main__ - INFO - Nouvelle partie initialisée.
2024-12-28 17:59:55,981 - decorator_logger - INFO - Method: lancer_de, Result: 3
2024-12-28 17:59:57,039 - decorator_logger - INFO - Method: lancer_de, Result: 4
2024-12-28 18:00:01,066 - decorator_logger - INFO - Method: lancer_de, Result: 6
2024-12-28 18:00:03,993 - decorator_logger - INFO - Method: lancer_de, Result: 1
2024-12-28 18:00:04,348 - decorator_logger - INFO - Method: lancer_de, Result: 5
2024-12-28 18:00:06,003 - __main__ - INFO - Choix de rejouer : y
2024-12-28 18:00:06,003 - __main__ - INFO - Nouvelle partie initialisée.
2024-12-28 18:00:06,672 - decorator_logger - INFO - Method: lancer_de, Result: 2
2024-12-28 18:00:07,239 - __main__ - INFO - Choix de rejouer : y
2024-12-28 18:00:07,239 - __main__ - INFO - Nouvelle partie initialisée.
2024-12-28 18:00:07,797 - decorator_logger - INFO - Method: lancer_de, Result: 5
2024-12-28 18:00:08,380 - __main__ - INFO - Choix de rejouer : y
2024-12-28 18:00:08,380 - __main__ - INFO - Nouvelle partie initialisée.
2024-12-28 18:00:08,986 - decorator_logger - INFO - Method: lancer_de, Result: 3
2024-12-28 18:00:09,649 - __main__ - INFO - Choix de rejouer : y
2024-12-28 18:00:09,649 - __main__ - INFO - Nouvelle partie initialisée.
2024-12-28 18:00:11,423 - decorator_logger - INFO - Method: lancer_de, Result: 1
2024-12-28 18:00:13,756 - __main__ - INFO - Choix de rejouer : y
2024-12-28 18:00:13,756 - __main__ - INFO - Nouvelle partie initialisée.
2024-12-28 18:00:14,920 - decorator_logger - INFO - Method: lancer_de, Result: 5
2024-12-28 18:00:17,124 - __main__ - INFO - Choix de rejouer : y
2024-12-28 18:00:17,124 - __main__ - INFO - Nouvelle partie initialisée.
2024-12-28 18:00:19,183 - decorator_logger - INFO - Method: lancer_de, Result: 4
2024-12-28 18:00:21,425 - __main__ - INFO - Choix de rejouer : y
2024-12-28 18:00:21,425 - __main__ - INFO - Nouvelle partie initialisée.
2024-12-28 18:00:23,330 - decorator_logger - INFO - Method: lancer_de, Result: 1
2024-12-28 18:00:24,181 - __main__ - INFO - Choix de rejouer : y
2024-12-28 18:00:24,182 - __main__ - INFO - Nouvelle partie initialisée.
2024-12-28 18:00:24,791 - decorator_logger - INFO - Method: lancer_de, Result: 1
2024-12-28 18:00:33,061 - __main__ - INFO - Choix de rejouer : y
2024-12-28 18:00:33,061 - __main__ - INFO - Nouvelle partie initialisée.
2024-12-28 18:00:33,753 - decorator_logger - INFO - Method: lancer_de, Result: 4
2024-12-28 18:00:38,820 - __main__ - INFO - Choix de rejouer : y
2024-12-28 18:00:38,820 - __main__ - INFO - Nouvelle partie initialisée.
2024-12-28 18:00:40,356 - decorator_logger - INFO - Method: lancer_de, Result: 5
2024-12-28 18:00:41,761 - __main__ - INFO - Choix de rejouer : y
2024-12-28 18:00:41,762 - __main__ - INFO - Nouvelle partie initialisée.
2024-12-28 18:00:44,150 - decorator_logger - INFO - Method: lancer_de, Result: 6
2024-12-28 18:00:48,532 - __main__ - INFO - Choix de rejouer : y
2024-12-28 18:00:48,532 - __main__ - INFO - Nouvelle partie initialisée.
2024-12-28 18:00:50,038 - decorator_logger - INFO - Method: lancer_de, Result: 2
2024-12-28 18:00:51,993 - __main__ - INFO - Choix de rejouer : y
2024-12-28 18:00:51,993 - __main__ - INFO - Nouvelle partie initialisée.
2024-12-28 18:00:59,600 - decorator_logger - INFO - Method: lancer_de, Result: 4
2024-12-28 18:01:19,373 - __main__ - INFO - Choix de rejouer : y
2024-12-28 18:01:19,374 - __main__ - INFO - Nouvelle partie initialisée.
2024-12-28 18:01:21,266 - decorator_logger - INFO - Method: lancer_de, Result: 1
2024-12-28 18:01:42,886 - __main__ - INFO - Choix de rejouer : n
2024-12-28 18:01:42,902 - __main__ - INFO - Fermeture du jeu.
2024-12-28 18:02:41,271 - __main__ - INFO - Lancement du jeu de plateau.
2024-12-28 18:02:51,931 - __main__ - INFO - Nouvelle partie initialisée.
2024-12-28 18:02:53,294 - decorator_logger - INFO - Method: lancer_de, Result: 2
2024-12-28 18:02:55,867 - decorator_logger - INFO - Method: lancer_de, Result: 3
2024-12-28 18:02:57,555 - decorator_logger - INFO - Method: lancer_de, Result: 2
2024-12-28 18:02:58,828 - decorator_logger - INFO - Method: lancer_de, Result: 1
2024-12-28 18:03:01,183 - decorator_logger - INFO - Method: lancer_de, Result: 2
2024-12-28 18:03:02,582 - decorator_logger - INFO - Method: lancer_de, Result: 5
2024-12-28 18:03:05,711 - decorator_logger - INFO - Method: lancer_de, Result: 1
2024-12-28 18:03:08,080 - decorator_logger - INFO - Method: lancer_de, Result: 1
2024-12-28 18:03:11,608 - __main__ - INFO - Choix de rejouer : y
2024-12-28 18:03:11,608 - __main__ - INFO - Nouvelle partie initialisée.
2024-12-28 18:03:12,733 - decorator_logger - INFO - Method: lancer_de, Result: 1
2024-12-28 18:03:13,771 - decorator_logger - INFO - Method: lancer_de, Result: 3
2024-12-28 18:06:41,935 - __main__ - INFO - Choix de rejouer : n
2024-12-28 18:06:41,971 - __main__ - INFO - Fermeture du jeu.
2024-12-28 18:16:33,943 - __main__ - INFO - Lancement du jeu de plateau.
2024-12-28 18:16:44,048 - __main__ - INFO - Nouvelle partie initialisée.
2024-12-28 18:16:47,857 - decorator_logger - INFO - Method: lancer_de, Result: 2
2024-12-28 18:16:59,328 - decorator_logger - INFO - Method: lancer_de, Result: 4
2024-12-28 18:17:04,395 - decorator_logger - INFO - Method: lancer_de, Result: 2
2024-12-28 18:17:09,476 - decorator_logger - INFO - Method: lancer_de, Result: 2
2024-12-28 18:17:10,985 - decorator_logger - INFO - Method: lancer_de, Result: 4
2024-12-28 18:17:12,236 - decorator_logger - INFO - Method: lancer_de, Result: 1
2024-12-28 18:17:13,768 - decorator_logger - INFO - Method: lancer_de, Result: 2
2024-12-28 18:17:46,895 - __main__ - INFO - Choix de rejouer : n
2024-12-28 18:17:46,926 - __main__ - INFO - Fermeture du jeu.
2024-12-28 18:18:52,643 - __main__ - INFO - Lancement du jeu de plateau.
2024-12-28 18:19:01,716 - __main__ - INFO - Nouvelle partie initialisée.
2024-12-28 18:19:13,519 - decorator_logger - INFO - Method: lancer_de, Result: 1
2024-12-28 18:19:14,659 - decorator_logger - INFO - Method: lancer_de, Result: 6
2024-12-28 18:19:20,473 - decorator_logger - INFO - Method: lancer_de, Result: 6
2024-12-28 18:19:21,367 - decorator_logger - INFO - Method: lancer_de, Result: 1
2024-12-28 18:19:30,324 - decorator_logger - INFO - Method: lancer_de, Result: 6
2024-12-28 18:19:32,135 - __main__ - INFO - Choix de rejouer : y
2024-12-28 18:19:32,136 - __main__ - INFO - Nouvelle partie initialisée.
2024-12-28 18:19:33,297 - decorator_logger - INFO - Method: lancer_de, Result: 2
2024-12-28 18:19:36,895 - __main__ - INFO - Choix de rejouer : y
2024-12-28 18:19:36,896 - __main__ - INFO - Nouvelle partie initialisée.
2024-12-28 18:19:37,895 - decorator_logger - INFO - Method: lancer_de, Result: 1
2024-12-28 18:19:39,445 - __main__ - INFO - Choix de rejouer : y
2024-12-28 18:19:39,445 - __main__ - INFO - Nouvelle partie initialisée.
2024-12-28 18:19:40,118 - decorator_logger - INFO - Method: lancer_de, Result: 2
2024-12-28 18:19:41,143 - __main__ - INFO - Choix de rejouer : y
2024-12-28 18:19:41,143 - __main__ - INFO - Nouvelle partie initialisée.
2024-12-28 18:19:41,817 - decorator_logger - INFO - Method: lancer_de, Result: 3
2024-12-28 18:19:42,754 - __main__ - INFO - Choix de rejouer : y
2024-12-28 18:19:42,755 - __main__ - INFO - Nouvelle partie initialisée.
2024-12-28 18:19:43,468 - decorator_logger - INFO - Method: lancer_de, Result: 1
2024-12-28 18:19:46,140 - __main__ - INFO - Choix de rejouer : n
2024-12-28 18:19:46,160 - __main__ - INFO - Fermeture du jeu.
2024-12-28 18:22:45,760 - __main__ - INFO - Lancement du jeu de plateau.
2024-12-28 18:22:51,816 - __main__ - INFO - Nouvelle partie initialisée.
2024-12-28 18:22:59,207 - __main__ - WARNING - Le joueur a stoppé la session
2024-12-28 18:24:29,226 - __main__ - INFO - Lancement du jeu de plateau.
2024-12-28 18:24:35,537 - __main__ - INFO - Nouvelle partie initialisée.
2024-12-28 18:24:37,824 - decorator_logger - INFO - Method: lancer_de, Result: 2
2024-12-28 18:24:38,386 - decorator_logger - INFO - Method: lancer_de, Result: 6
2024-12-28 18:24:38,915 - decorator_logger - INFO - Method: lancer_de, Result: 3
2024-12-28 18:24:42,323 - decorator_logger - INFO - Method: lancer_de, Result: 1
2024-12-28 18:24:49,585 - decorator_logger - INFO - Method: lancer_de, Result: 4
2024-12-28 18:25:00,024 - decorator_logger - INFO - Method: lancer_de, Result: 2
2024-12-28 18:25:10,357 - decorator_logger - INFO - Method: lancer_de, Result: 5
2024-12-28 18:25:37,116 - __main__ - INFO - Choix de rejouer : y
2024-12-28 18:25:37,116 - __main__ - INFO - Nouvelle partie initialisée.
2024-12-28 18:25:38,442 - decorator_logger - INFO - Method: lancer_de, Result: 5
2024-12-28 19:59:26,119 - __main__ - INFO - Choix de rejouer : q
2024-12-28 19:59:26,160 - __main__ - INFO - Nouvelle partie initialisée.
2024-12-28 19:59:27,638 - __main__ - WARNING - Le joueur a stoppé la session
2024-12-28 19:59:49,426 - __main__ - INFO - Lancement du jeu de plateau.
2024-12-28 19:59:57,339 - __main__ - INFO - Nouvelle partie initialisée.
2024-12-28 19:59:59,534 - decorator_logger - INFO - Method: lancer_de, Result: 1
2024-12-28 20:00:00,266 - decorator_logger - INFO - Method: lancer_de, Result: 4
2024-12-28 20:00:11,315 - decorator_logger - INFO - Method: lancer_de, Result: 1
2024-12-28 20:00:15,681 - decorator_logger - INFO - Method: lancer_de, Result: 1
2024-12-28 20:00:19,341 - decorator_logger - INFO - Method: lancer_de, Result: 4
2024-12-28 20:00:22,110 - decorator_logger - INFO - Method: lancer_de, Result: 5
2024-12-28 20:00:24,127 - decorator_logger - INFO - Method: lancer_de, Result: 3
2024-12-28 20:00:25,449 - decorator_logger - INFO - Method: lancer_de, Result: 4
2024-12-28 20:00:28,438 - __main__ - INFO - Choix de rejouer : y
2024-12-28 20:00:28,439 - __main__ - INFO - Nouvelle partie initialisée.
2024-12-28 20:00:29,423 - decorator_logger - INFO - Method: lancer_de, Result: 5
2024-12-28 20:00:41,704 - __main__ - INFO - Choix de rejouer : q
2024-12-28 20:00:41,704 - __main__ - INFO - Nouvelle partie initialisée.
2024-12-28 20:00:48,445 - __main__ - WARNING - Le joueur a stoppé la session
2024-12-28 20:00:53,028 - __main__ - INFO - Lancement du jeu de plateau.
2024-12-28 20:00:57,936 - __main__ - INFO - Nouvelle partie initialisée.
2024-12-28 20:01:01,375 - decorator_logger - INFO - Method: lancer_de, Result: 2
2024-12-28 20:01:16,463 - __main__ - WARNING - Le joueur a stoppé la session
2024-12-28 20:01:20,379 - __main__ - INFO - Lancement du jeu de plateau.
2024-12-28 20:01:24,437 - __main__ - INFO - Nouvelle partie initialisée.
2024-12-28 20:01:25,925 - decorator_logger - INFO - Method: lancer_de, Result: 2
2024-12-28 20:01:26,412 - decorator_logger - INFO - Method: lancer_de, Result: 5
2024-12-28 20:01:29,804 - decorator_logger - INFO - Method: lancer_de, Result: 4
2024-12-28 20:01:54,943 - decorator_logger - INFO - Method: lancer_de, Result: 6
2024-12-28 20:03:00,703 - __main__ - INFO - Choix de rejouer : y
2024-12-28 20:03:00,703 - __main__ - INFO - Nouvelle partie initialisée.
2024-12-28 20:03:05,666 - decorator_logger - INFO - Method: lancer_de, Result: 3
2024-12-28 20:03:08,937 - decorator_logger - INFO - Method: lancer_de, Result: 2
2024-12-28 20:03:48,586 - __main__ - INFO - Choix de rejouer : q
2024-12-28 20:03:48,587 - __main__ - INFO - Nouvelle partie initialisée.
2024-12-28 20:04:04,986 - decorator_logger - INFO - Method: lancer_de, Result: 2
2024-12-28 20:04:17,785 - decorator_logger - INFO - Method: lancer_de, Result: 2
2024-12-28 20:04:34,014 - __main__ - INFO - Choix de rejouer : q
2024-12-28 20:04:34,014 - __main__ - INFO - Nouvelle partie initialisée.
2024-12-28 20:04:35,727 - __main__ - WARNING - Le joueur a stoppé la session
2024-12-28 20:18:20,171 - __main__ - INFO - Lancement du jeu de plateau.
2024-12-28 20:18:26,787 - __main__ - INFO - Nouvelle partie initialisée.
2024-12-28 20:22:24,089 - __main__ - INFO - Lancement du jeu de plateau.
2024-12-28 20:22:27,768 - __main__ - INFO - Nouvelle partie initialisée.
2024-12-28 20:22:46,620 - decorator_logger - INFO - Method: lancer_de, Result: 4
2024-12-28 20:26:57,960 - __main__ - INFO - Lancement du jeu de plateau.
2024-12-28 20:27:00,993 - __main__ - INFO - Nouvelle partie initialisée.
2024-12-28 20:27:02,550 - decorator_logger - INFO - Method: lancer_de, Result: 3
2024-12-28 20:28:53,789 - __main__ - INFO - Lancement du jeu de plateau.
2024-12-28 20:28:57,411 - __main__ - INFO - Nouvelle partie initialisée.
2024-12-28 20:28:58,756 - decorator_logger - INFO - Method: lancer_de, Result: 3
2024-12-28 20:29:21,549 - __main__ - INFO - Lancement du jeu de plateau.
2024-12-28 20:30:42,368 - __main__ - INFO - Lancement du jeu de plateau.
2024-12-28 20:30:45,685 - __main__ - INFO - Nouvelle partie initialisée.
2024-12-28 20:30:46,698 - decorator_logger - INFO - Method: lancer_de, Result: 5
2024-12-28 20:30:51,662 - decorator_logger - INFO - Method: lancer_de, Result: 2
2024-12-28 20:30:52,775 - decorator_logger - INFO - Method: lancer_de, Result: 2
2024-12-28 20:30:53,629 - decorator_logger - INFO - Method: lancer_de, Result: 6
2024-12-28 20:30:54,567 - decorator_logger - INFO - Method: lancer_de, Result: 5
2024-12-28 20:31:10,563 - __main__ - INFO - Choix de rejouer : y
2024-12-28 20:31:10,564 - __main__ - INFO - Nouvelle partie initialisée.
2024-12-28 20:31:14,256 - decorator_logger - INFO - Method: lancer_de, Result: 4
2024-12-28 20:31:25,289 - decorator_logger - INFO - Method: lancer_de, Result: 4
2024-12-28 20:31:26,529 - decorator_logger - INFO - Method: lancer_de, Result: 5
2024-12-28 20:31:27,319 - decorator_logger - INFO - Method: lancer_de, Result: 5
2024-12-28 20:31:31,345 - decorator_logger - INFO - Method: lancer_de, Result: 3
2024-12-28 20:31:34,576 - __main__ - INFO - Choix de rejouer : y
2024-12-28 20:31:34,576 - __main__ - INFO - Nouvelle partie initialisée.
2024-12-28 20:31:36,449 - decorator_logger - INFO - Method: lancer_de, Result: 1
2024-12-28 20:31:37,994 - decorator_logger - INFO - Method: lancer_de, Result: 2
2024-12-28 20:31:39,245 - decorator_logger - INFO - Method: lancer_de, Result: 6
2024-12-28 20:32:01,441 - decorator_logger - INFO - Method: lancer_de, Result: 6
2024-12-28 20:32:11,025 - decorator_logger - INFO - Method: lancer_de, Result: 5
2024-12-28 20:32:16,370 - __main__ - INFO - Choix de rejouer : y
2024-12-28 20:32:16,371 - __main__ - INFO - Nouvelle partie initialisée.
2024-12-28 20:32:19,131 - decorator_logger - INFO - Method: lancer_de, Result: 1
2024-12-28 20:32:23,689 - decorator_logger - INFO - Method: lancer_de, Result: 3
2024-12-28 20:32:26,863 - decorator_logger - INFO - Method: lancer_de, Result: 4
2024-12-28 20:32:40,609 - decorator_logger - INFO - Method: lancer_de, Result: 5
2024-12-28 20:32:47,190 - decorator_logger - INFO - Method: lancer_de, Result: 1
2024-12-28 20:32:47,888 - decorator_logger - INFO - Method: lancer_de, Result: 3
2024-12-28 20:33:05,612 - __main__ - INFO - Choix de rejouer : y
2024-12-28 20:33:05,612 - __main__ - INFO - Nouvelle partie initialisée.
2024-12-28 20:33:06,414 - decorator_logger - INFO - Method: lancer_de, Result: 3
2024-12-28 20:33:07,274 - decorator_logger - INFO - Method: lancer_de, Result: 6
2024-12-28 20:33:07,851 - decorator_logger - INFO - Method: lancer_de, Result: 3
2024-12-28 20:33:08,318 - decorator_logger - INFO - Method: lancer_de, Result: 2
2024-12-28 20:33:08,839 - decorator_logger - INFO - Method: lancer_de, Result: 1
2024-12-28 20:33:10,415 - decorator_logger - INFO - Method: lancer_de, Result: 2
2024-12-28 20:33:11,636 - decorator_logger - INFO - Method: lancer_de, Result: 2
2024-12-28 20:33:13,021 - decorator_logger - INFO - Method: lancer_de, Result: 2
2024-12-28 20:33:20,987 - __main__ - INFO - Choix de rejouer : q
2024-12-28 20:33:20,988 - __main__ - INFO - Nouvelle partie initialisée.
2024-12-28 20:33:29,746 - __main__ - WARNING - Le joueur a stoppé la session
2024-12-28 20:35:01,879 - __main__ - INFO - Lancement du jeu de plateau.
2024-12-28 20:35:06,597 - __main__ - INFO - Nouvelle partie initialisée.
2024-12-28 20:35:08,735 - decorator_logger - INFO - Method: lancer_de, Result: 2
2024-12-28 20:35:10,152 - decorator_logger - INFO - Method: lancer_de, Result: 4
2024-12-28 20:35:10,788 - decorator_logger - INFO - Method: lancer_de, Result: 4
2024-12-28 20:35:11,308 - decorator_logger - INFO - Method: lancer_de, Result: 3
2024-12-28 20:35:11,808 - decorator_logger - INFO - Method: lancer_de, Result: 6
2024-12-28 20:35:16,792 - __main__ - INFO - Choix de rejouer : q
2024-12-28 20:35:16,895 - __main__ - INFO - Fermeture du jeu.
2024-12-28 20:37:04,450 - __main__ - INFO - Lancement du jeu de plateau.
2024-12-28 20:37:07,442 - __main__ - INFO - Nouvelle partie initialisée.
2024-12-28 20:37:11,285 - decorator_logger - INFO - Method: lancer_de, Result: 3
2024-12-28 20:37:12,045 - decorator_logger - INFO - Method: lancer_de, Result: 3
2024-12-28 20:37:13,550 - __main__ - WARNING - Le joueur a stoppé la session
2024-12-28 20:37:15,814 - __main__ - INFO - Lancement du jeu de plateau.
2024-12-28 20:37:18,869 - __main__ - INFO - Nouvelle partie initialisée.
2024-12-28 20:37:21,854 - decorator_logger - INFO - Method: lancer_de, Result: 4
2024-12-28 20:37:22,657 - decorator_logger - INFO - Method: lancer_de, Result: 5
2024-12-28 20:37:23,988 - decorator_logger - INFO - Method: lancer_de, Result: 5
2024-12-28 20:37:24,989 - decorator_logger - INFO - Method: lancer_de, Result: 3
2024-12-28 20:37:27,224 - decorator_logger - INFO - Method: lancer_de, Result: 4
2024-12-28 20:37:37,035 - __main__ - INFO - Choix de rejouer : y
2024-12-28 20:37:37,035 - __main__ - INFO - Nouvelle partie initialisée.
2024-12-28 20:38:08,200 - decorator_logger - INFO - Method: lancer_de, Result: 1
2024-12-28 20:38:13,976 - decorator_logger - INFO - Method: lancer_de, Result: 2
2024-12-28 20:38:16,535 - decorator_logger - INFO - Method: lancer_de, Result: 2
2024-12-28 20:38:17,805 - decorator_logger - INFO - Method: lancer_de, Result: 5
2024-12-28 20:38:18,648 - decorator_logger - INFO - Method: lancer_de, Result: 1
2024-12-28 20:38:23,231 - decorator_logger - INFO - Method: lancer_de, Result: 2
2024-12-28 20:38:24,134 - decorator_logger - INFO - Method: lancer_de, Result: 4
2024-12-28 20:38:25,068 - decorator_logger - INFO - Method: lancer_de, Result: 5
2024-12-28 20:38:56,316 - __main__ - INFO - Choix de rejouer : n
2024-12-28 20:38:56,340 - __main__ - INFO - Fermeture du jeu.
2024-12-28 20:51:11,045 - __main__ - INFO - Lancement du jeu de plateau.
2024-12-28 20:51:18,961 - __main__ - INFO - Nouvelle partie initialisée.
2024-12-28 20:51:21,429 - decorator_logger - INFO - Method: lancer_de, Result: 6
2024-12-28 20:51:22,103 - decorator_logger - INFO - Method: lancer_de, Result: 6
2024-12-28 20:51:22,533 - decorator_logger - INFO - Method: lancer_de, Result: 6
2024-12-28 20:51:32,140 - __main__ - INFO - Choix de rejouer : y
2024-12-28 20:51:32,140 - __main__ - INFO - Nouvelle partie initialisée.
2024-12-28 20:51:32,875 - decorator_logger - INFO - Method: lancer_de, Result: 6
2024-12-28 20:51:33,913 - decorator_logger - INFO - Method: lancer_de, Result: 1
2024-12-28 20:51:34,727 - decorator_logger - INFO - Method: lancer_de, Result: 4
2024-12-28 20:51:35,429 - decorator_logger - INFO - Method: lancer_de, Result: 2
2024-12-28 20:51:36,060 - decorator_logger - INFO - Method: lancer_de, Result: 2
2024-12-28 20:51:37,515 - __main__ - INFO - Choix de rejouer : y
2024-12-28 20:51:37,516 - __main__ - INFO - Nouvelle partie initialisée.
2024-12-28 20:51:38,045 - decorator_logger - INFO - Method: lancer_de, Result: 2
2024-12-28 20:51:38,762 - decorator_logger - INFO - Method: lancer_de, Result: 2
2024-12-28 20:51:39,274 - decorator_logger - INFO - Method: lancer_de, Result: 5
2024-12-28 20:51:39,856 - decorator_logger - INFO - Method: lancer_de, Result: 4
2024-12-28 20:51:40,428 - decorator_logger - INFO - Method: lancer_de, Result: 2
2024-12-28 20:51:41,024 - decorator_logger - INFO - Method: lancer_de, Result: 4
2024-12-28 20:51:41,617 - decorator_logger - INFO - Method: lancer_de, Result: 4
2024-12-28 20:51:48,328 - __main__ - INFO - Choix de rejouer : n
2024-12-28 20:51:48,505 - __main__ - INFO - Fermeture du jeu.
2024-12-28 20:54:30,276 - __main__ - INFO - Lancement du jeu de plateau.
2024-12-28 21:00:59,293 - __main__ - INFO - Lancement du jeu de plateau.
2024-12-28 21:02:05,009 - __main__ - INFO - Lancement du jeu de plateau.
2024-12-28 21:36:29,368 - __main__ - INFO - Lancement du jeu de plateau.
2024-12-28 21:36:43,061 - __main__ - INFO - Nouvelle partie initialisée.
2024-12-28 21:36:52,253 - __main__ - WARNING - Le joueur a stoppé la session
2024-12-29 10:46:37,719 - __main__ - INFO - Lancement du jeu de plateau.
2024-12-29 10:46:56,673 - __main__ - INFO - Lancement du jeu de plateau.
2024-12-29 10:47:17,556 - __main__ - INFO - Nouvelle partie initialisée.
2024-12-29 10:47:25,239 - decorator_logger - INFO - Method: lancer_de, Result: 2
2024-12-29 10:47:42,801 - decorator_logger - INFO - Method: lancer_de, Result: 6
2024-12-29 10:47:53,076 - decorator_logger - INFO - Method: lancer_de, Result: 2
2024-12-29 10:48:06,756 - decorator_logger - INFO - Method: lancer_de, Result: 2
2024-12-29 10:48:07,800 - decorator_logger - INFO - Method: lancer_de, Result: 1
2024-12-29 10:48:08,805 - decorator_logger - INFO - Method: lancer_de, Result: 2
2024-12-29 10:48:09,476 - decorator_logger - INFO - Method: lancer_de, Result: 5
2024-12-29 10:48:10,082 - decorator_logger - INFO - Method: lancer_de, Result: 2
2024-12-29 10:48:23,964 - __main__ - INFO - Choix de rejouer : n
2024-12-29 10:48:23,988 - __main__ - INFO - Fermeture du jeu.
2024-12-29 10:48:30,038 - __main__ - INFO - Lancement du jeu de plateau.
